<?xml version="1.0" encoding="UTF-8"?>
<!-- Generated by org.testng.reporters.JUnitReportReporter -->
<testsuite hostname="LAPTOP-J8JOLEM1" failures="0" tests="1" name="com.main.Timesheet" time="20.501" errors="0" timestamp="2023-03-31T01:34:43 CDT" skipped="0">
  <testcase classname="com.main.Timesheet" name="Timesheet" time="20.501"/>
  <system-out/>
</testsuite> <!-- com.main.Timesheet -->
